#
# There is insufficient memory for the Java Runtime Environment to continue.
# Native memory allocation (malloc) failed to allocate 994976 bytes. Error detail: Chunk::new
# Possible reasons:
#   The system is out of physical RAM or swap space
#   This process is running with CompressedOops enabled, and the Java Heap may be blocking the growth of the native heap
# Possible solutions:
#   Reduce memory load on the system
#   Increase physical memory or swap space
#   Check if swap backing store is full
#   Decrease Java heap size (-Xmx/-Xms)
#   Decrease number of Java threads
#   Decrease Java thread stack sizes (-Xss)
#   Set larger code cache with -XX:ReservedCodeCacheSize=
#   JVM is running with Zero Based Compressed Oops mode in which the Java heap is
#     placed in the first 32GB address space. The Java Heap base address is the
#     maximum limit for the native heap growth. Please use -XX:HeapBaseMinAddress
#     to set the Java Heap base and to place the Java Heap above 32GB virtual address.
# This output file may be truncated or incomplete.
#
#  Out of Memory Error (arena.cpp:168), pid=7300, tid=11288
#
# JRE version: OpenJDK Runtime Environment Microsoft-11933218 (21.0.8+9) (build 21.0.8+9-LTS)
# Java VM: OpenJDK 64-Bit Server VM Microsoft-11933218 (21.0.8+9-LTS, mixed mode, sharing, tiered, compressed oops, compressed class ptrs, g1 gc, windows-amd64)
# No core dump will be written. Minidumps are not enabled by default on client versions of Windows
#

---------------  S U M M A R Y ------------

Command Line: -Dclassworlds.conf=C:\Program Files\JetBrains\IntelliJ IDEA Community Edition 2025.2\plugins\maven\lib\maven3\bin\m2.conf -Dmaven.home=C:\Program Files\JetBrains\IntelliJ IDEA Community Edition 2025.2\plugins\maven\lib\maven3 -Dlibrary.jansi.path=C:\Program Files\JetBrains\IntelliJ IDEA Community Edition 2025.2\plugins\maven\lib\maven3\lib\jansi-native -Dmaven.multiModuleProjectDirectory=C:\Users\пися попа\IdeaProjects\untitled5 org.codehaus.plexus.classworlds.launcher.Launcher -Didea.version=2025.2 -Dmaven.ext.class.path=C:\Program Files\JetBrains\IntelliJ IDEA Community Edition 2025.2\plugins\maven\lib\maven-event-listener.jar -Djansi.passthrough=true -Dstyle.color=always package

Host: Intel(R) Celeron(R) N5095 @ 2.00GHz, 4 cores, 15G,  Windows 11 , 64 bit Build 26100 (10.0.26100.5670)
Time: Sun Aug 24 20:24:24 2025 elapsed time: 15.564704 seconds (0d 0h 0m 15s)

---------------  T H R E A D  ---------------

Current thread (0x000001d7b264abd0):  JavaThread "C2 CompilerThread0" daemon [_thread_in_native, id=11288, stack(0x000000a1fbf00000,0x000000a1fc000000) (1024K)]


Current CompileTask:
C2:15564 4294   !   4       org.codehaus.plexus.interpolation.StringSearchInterpolator::interpolate (668 bytes)

Stack: [0x000000a1fbf00000,0x000000a1fc000000]
Native frames: (J=compiled Java code, j=interpreted, Vv=VM code, C=native code)
V  [jvm.dll+0x6e1729]
V  [jvm.dll+0x8bf47b]
V  [jvm.dll+0x8c19aa]
V  [jvm.dll+0x8c2083]
V  [jvm.dll+0x289fd6]
V  [jvm.dll+0xc903d]
V  [jvm.dll+0xc958c]
V  [jvm.dll+0x30113e]
V  [jvm.dll+0x608897]
V  [jvm.dll+0x25af97]
V  [jvm.dll+0x25b36d]
V  [jvm.dll+0x253c69]
V  [jvm.dll+0x251171]
V  [jvm.dll+0x1d18bf]
V  [jvm.dll+0x260f4a]
V  [jvm.dll+0x25f2b5]
V  [jvm.dll+0x40151d]
V  [jvm.dll+0x86975d]
V  [jvm.dll+0x6dff2d]
C  [ucrtbase.dll+0x37b0]
C  [KERNEL32.DLL+0x2e8d7]
C  [ntdll.dll+0x128dc]


---------------  P R O C E S S  ---------------

Threads class SMR info:
_java_thread_list=0x000001d7f8edc130, length=12, elements={
0x000001d7917b2120, 0x000001d7b26402b0, 0x000001d7b2643980, 0x000001d7b2644f40,
0x000001d7b26479a0, 0x000001d7b26483f0, 0x000001d7b2648e40, 0x000001d7b264abd0,
0x000001d7b2652880, 0x000001d7b27c94d0, 0x000001d7b27de960, 0x000001d7f8b26720
}

Java Threads: ( => current thread )
  0x000001d7917b2120 JavaThread "main"                              [_thread_in_native, id=11376, stack(0x000000a1fb100000,0x000000a1fb200000) (1024K)]
  0x000001d7b26402b0 JavaThread "Reference Handler"          daemon [_thread_blocked, id=12136, stack(0x000000a1fb900000,0x000000a1fba00000) (1024K)]
  0x000001d7b2643980 JavaThread "Finalizer"                  daemon [_thread_blocked, id=11884, stack(0x000000a1fba00000,0x000000a1fbb00000) (1024K)]
  0x000001d7b2644f40 JavaThread "Signal Dispatcher"          daemon [_thread_blocked, id=12912, stack(0x000000a1fbb00000,0x000000a1fbc00000) (1024K)]
  0x000001d7b26479a0 JavaThread "Attach Listener"            daemon [_thread_blocked, id=11588, stack(0x000000a1fbc00000,0x000000a1fbd00000) (1024K)]
  0x000001d7b26483f0 JavaThread "Service Thread"             daemon [_thread_blocked, id=3556, stack(0x000000a1fbd00000,0x000000a1fbe00000) (1024K)]
  0x000001d7b2648e40 JavaThread "Monitor Deflation Thread"   daemon [_thread_blocked, id=11012, stack(0x000000a1fbe00000,0x000000a1fbf00000) (1024K)]
=>0x000001d7b264abd0 JavaThread "C2 CompilerThread0"         daemon [_thread_in_native, id=11288, stack(0x000000a1fbf00000,0x000000a1fc000000) (1024K)]
  0x000001d7b2652880 JavaThread "C1 CompilerThread0"         daemon [_thread_blocked, id=10944, stack(0x000000a1fc000000,0x000000a1fc100000) (1024K)]
  0x000001d7b27c94d0 JavaThread "Notification Thread"        daemon [_thread_blocked, id=13216, stack(0x000000a1fc100000,0x000000a1fc200000) (1024K)]
  0x000001d7b27de960 JavaThread "Common-Cleaner"             daemon [_thread_blocked, id=9076, stack(0x000000a1fc200000,0x000000a1fc300000) (1024K)]
  0x000001d7f8b26720 JavaThread "Thread-1"                   daemon [_thread_blocked, id=4000, stack(0x000000a1fc300000,0x000000a1fc400000) (1024K)]
Total: 12

Other Threads:
  0x000001d7b2623f90 VMThread "VM Thread"                           [id=476, stack(0x000000a1fb800000,0x000000a1fb900000) (1024K)]
  0x000001d7b260ead0 WatcherThread "VM Periodic Task Thread"        [id=8736, stack(0x000000a1fb700000,0x000000a1fb800000) (1024K)]
  0x000001d793bbf510 WorkerThread "GC Thread#0"                     [id=7584, stack(0x000000a1fb200000,0x000000a1fb300000) (1024K)]
  0x000001d7f82e7360 WorkerThread "GC Thread#1"                     [id=10548, stack(0x000000a1fc400000,0x000000a1fc500000) (1024K)]
  0x000001d7f87e2e90 WorkerThread "GC Thread#2"                     [id=13056, stack(0x000000a1fc500000,0x000000a1fc600000) (1024K)]
  0x000001d7f87e3230 WorkerThread "GC Thread#3"                     [id=7860, stack(0x000000a1fc600000,0x000000a1fc700000) (1024K)]
  0x000001d793bd1ec0 ConcurrentGCThread "G1 Main Marker"            [id=11404, stack(0x000000a1fb300000,0x000000a1fb400000) (1024K)]
  0x000001d793bd28d0 WorkerThread "G1 Conc#0"                       [id=12632, stack(0x000000a1fb400000,0x000000a1fb500000) (1024K)]
  0x000001d793c1e8c0 ConcurrentGCThread "G1 Refine#0"               [id=7024, stack(0x000000a1fb500000,0x000000a1fb600000) (1024K)]
  0x000001d7b24dd520 ConcurrentGCThread "G1 Service"                [id=13200, stack(0x000000a1fb600000,0x000000a1fb700000) (1024K)]
Total: 10

Threads with active compile tasks:
C2 CompilerThread0  15634 4294   !   4       org.codehaus.plexus.interpolation.StringSearchInterpolator::interpolate (668 bytes)
Total: 1

VM state: not at safepoint (normal execution)

VM Mutex/Monitor currently owned by a thread: None

Heap address: 0x0000000703600000, size: 4042 MB, Compressed Oops mode: Zero based, Oop shift amount: 3

CDS archive(s) mapped at: [0x000001d7b3000000-0x000001d7b3c80000-0x000001d7b3c80000), size 13107200, SharedBaseAddress: 0x000001d7b3000000, ArchiveRelocationMode: 1.
Compressed class space mapped at: 0x000001d7b4000000-0x000001d7f4000000, reserved size: 1073741824
Narrow klass base: 0x000001d7b3000000, Narrow klass shift: 0, Narrow klass range: 0x100000000

GC Precious Log:
 CardTable entry size: 512
 Card Set container configuration: InlinePtr #cards 4 size 8 Array Of Cards #cards 16 size 48 Howl #buckets 8 coarsen threshold 3686 Howl Bitmap #cards 512 size 80 coarsen threshold 460 Card regions per heap region 1 cards per card region 4096
 CPUs: 4 total, 4 available
 Memory: 16163M
 Large Page Support: Disabled
 NUMA Support: Disabled
 Compressed Oops: Enabled (Zero based)
 Heap Region Size: 2M
 Heap Min Capacity: 8M
 Heap Initial Capacity: 254M
 Heap Max Capacity: 4042M
 Pre-touch: Disabled
 Parallel Workers: 4
 Concurrent Workers: 1
 Concurrent Refinement Workers: 4
 Periodic GC: Disabled

Heap:
 garbage-first heap   total 260096K, used 143083K [0x0000000703600000, 0x0000000800000000)
  region size 2048K, 39 young (79872K), 2 survivors (4096K)
 Metaspace       used 17690K, committed 18048K, reserved 1114112K
  class space    used 2067K, committed 2240K, reserved 1048576K

Heap Regions: E=young(eden), S=young(survivor), O=old, HS=humongous(starts), HC=humongous(continues), CS=collection set, F=free, TAMS=top-at-mark-start, PB=parsable bottom
|   0|0x0000000703600000, 0x0000000703800000, 0x0000000703800000|100%| O|  |TAMS 0x0000000703600000| PB 0x0000000703600000| Untracked 
|   1|0x0000000703800000, 0x0000000703937748, 0x0000000703a00000| 60%| O|  |TAMS 0x0000000703800000| PB 0x0000000703800000| Untracked 
|   2|0x0000000703a00000, 0x0000000703c00000, 0x0000000703c00000|100%|HS|  |TAMS 0x0000000703a00000| PB 0x0000000703a00000| Complete 
|   3|0x0000000703c00000, 0x0000000703e00000, 0x0000000703e00000|100%|HC|  |TAMS 0x0000000703c00000| PB 0x0000000703c00000| Complete 
|   4|0x0000000703e00000, 0x0000000704000000, 0x0000000704000000|100%|HC|  |TAMS 0x0000000703e00000| PB 0x0000000703e00000| Complete 
|   5|0x0000000704000000, 0x0000000704200000, 0x0000000704200000|100%|HC|  |TAMS 0x0000000704000000| PB 0x0000000704000000| Complete 
|   6|0x0000000704200000, 0x0000000704400000, 0x0000000704400000|100%|HS|  |TAMS 0x0000000704200000| PB 0x0000000704200000| Complete 
|   7|0x0000000704400000, 0x0000000704600000, 0x0000000704600000|100%|HC|  |TAMS 0x0000000704400000| PB 0x0000000704400000| Complete 
|   8|0x0000000704600000, 0x0000000704800000, 0x0000000704800000|100%|HC|  |TAMS 0x0000000704600000| PB 0x0000000704600000| Complete 
|   9|0x0000000704800000, 0x0000000704a00000, 0x0000000704a00000|100%|HC|  |TAMS 0x0000000704800000| PB 0x0000000704800000| Complete 
|  10|0x0000000704a00000, 0x0000000704c00000, 0x0000000704c00000|100%|HC|  |TAMS 0x0000000704a00000| PB 0x0000000704a00000| Complete 
|  11|0x0000000704c00000, 0x0000000704e00000, 0x0000000704e00000|100%|HC|  |TAMS 0x0000000704c00000| PB 0x0000000704c00000| Complete 
|  12|0x0000000704e00000, 0x0000000705000000, 0x0000000705000000|100%|HS|  |TAMS 0x0000000704e00000| PB 0x0000000704e00000| Complete 
|  13|0x0000000705000000, 0x0000000705200000, 0x0000000705200000|100%|HC|  |TAMS 0x0000000705000000| PB 0x0000000705000000| Complete 
|  14|0x0000000705200000, 0x0000000705400000, 0x0000000705400000|100%|HC|  |TAMS 0x0000000705200000| PB 0x0000000705200000| Complete 
|  15|0x0000000705400000, 0x0000000705600000, 0x0000000705600000|100%|HC|  |TAMS 0x0000000705400000| PB 0x0000000705400000| Complete 
|  16|0x0000000705600000, 0x0000000705800000, 0x0000000705800000|100%|HC|  |TAMS 0x0000000705600000| PB 0x0000000705600000| Complete 
|  17|0x0000000705800000, 0x0000000705a00000, 0x0000000705a00000|100%|HC|  |TAMS 0x0000000705800000| PB 0x0000000705800000| Complete 
|  18|0x0000000705a00000, 0x0000000705c00000, 0x0000000705c00000|100%|HS|  |TAMS 0x0000000705a00000| PB 0x0000000705a00000| Complete 
|  19|0x0000000705c00000, 0x0000000705e00000, 0x0000000705e00000|100%|HC|  |TAMS 0x0000000705c00000| PB 0x0000000705c00000| Complete 
|  20|0x0000000705e00000, 0x0000000706000000, 0x0000000706000000|100%|HC|  |TAMS 0x0000000705e00000| PB 0x0000000705e00000| Complete 
|  21|0x0000000706000000, 0x0000000706200000, 0x0000000706200000|100%|HC|  |TAMS 0x0000000706000000| PB 0x0000000706000000| Complete 
|  22|0x0000000706200000, 0x0000000706400000, 0x0000000706400000|100%|HS|  |TAMS 0x0000000706200000| PB 0x0000000706200000| Complete 
|  23|0x0000000706400000, 0x0000000706600000, 0x0000000706600000|100%|HC|  |TAMS 0x0000000706400000| PB 0x0000000706400000| Complete 
|  24|0x0000000706600000, 0x0000000706800000, 0x0000000706800000|100%|HC|  |TAMS 0x0000000706600000| PB 0x0000000706600000| Complete 
|  25|0x0000000706800000, 0x0000000706a00000, 0x0000000706a00000|100%|HC|  |TAMS 0x0000000706800000| PB 0x0000000706800000| Complete 
|  26|0x0000000706a00000, 0x0000000706c00000, 0x0000000706c00000|100%|HC|  |TAMS 0x0000000706a00000| PB 0x0000000706a00000| Complete 
|  27|0x0000000706c00000, 0x0000000706e00000, 0x0000000706e00000|100%|HC|  |TAMS 0x0000000706c00000| PB 0x0000000706c00000| Complete 
|  28|0x0000000706e00000, 0x0000000707000000, 0x0000000707000000|100%|HS|  |TAMS 0x0000000706e00000| PB 0x0000000706e00000| Complete 
|  29|0x0000000707000000, 0x0000000707200000, 0x0000000707200000|100%|HC|  |TAMS 0x0000000707000000| PB 0x0000000707000000| Complete 
|  30|0x0000000707200000, 0x0000000707400000, 0x0000000707400000|100%|HC|  |TAMS 0x0000000707200000| PB 0x0000000707200000| Complete 
|  31|0x0000000707400000, 0x0000000707600000, 0x0000000707600000|100%|HC|  |TAMS 0x0000000707400000| PB 0x0000000707400000| Complete 
|  32|0x0000000707600000, 0x0000000707800000, 0x0000000707800000|100%|HC|  |TAMS 0x0000000707600000| PB 0x0000000707600000| Complete 
|  33|0x0000000707800000, 0x0000000707a00000, 0x0000000707a00000|100%|HC|  |TAMS 0x0000000707800000| PB 0x0000000707800000| Complete 
|  34|0x0000000707a00000, 0x0000000707a00000, 0x0000000707c00000|  0%| F|  |TAMS 0x0000000707a00000| PB 0x0000000707a00000| Untracked 
|  35|0x0000000707c00000, 0x0000000707c00000, 0x0000000707e00000|  0%| F|  |TAMS 0x0000000707c00000| PB 0x0000000707c00000| Untracked 
|  36|0x0000000707e00000, 0x0000000707e00000, 0x0000000708000000|  0%| F|  |TAMS 0x0000000707e00000| PB 0x0000000707e00000| Untracked 
|  37|0x0000000708000000, 0x0000000708000000, 0x0000000708200000|  0%| F|  |TAMS 0x0000000708000000| PB 0x0000000708000000| Untracked 
|  38|0x0000000708200000, 0x0000000708200000, 0x0000000708400000|  0%| F|  |TAMS 0x0000000708200000| PB 0x0000000708200000| Untracked 
|  39|0x0000000708400000, 0x0000000708400000, 0x0000000708600000|  0%| F|  |TAMS 0x0000000708400000| PB 0x0000000708400000| Untracked 
|  40|0x0000000708600000, 0x0000000708600000, 0x0000000708800000|  0%| F|  |TAMS 0x0000000708600000| PB 0x0000000708600000| Untracked 
|  41|0x0000000708800000, 0x0000000708800000, 0x0000000708a00000|  0%| F|  |TAMS 0x0000000708800000| PB 0x0000000708800000| Untracked 
|  42|0x0000000708a00000, 0x0000000708a00000, 0x0000000708c00000|  0%| F|  |TAMS 0x0000000708a00000| PB 0x0000000708a00000| Untracked 
|  43|0x0000000708c00000, 0x0000000708c00000, 0x0000000708e00000|  0%| F|  |TAMS 0x0000000708c00000| PB 0x0000000708c00000| Untracked 
|  44|0x0000000708e00000, 0x0000000708e00000, 0x0000000709000000|  0%| F|  |TAMS 0x0000000708e00000| PB 0x0000000708e00000| Untracked 
|  45|0x0000000709000000, 0x0000000709000000, 0x0000000709200000|  0%| F|  |TAMS 0x0000000709000000| PB 0x0000000709000000| Untracked 
|  46|0x0000000709200000, 0x0000000709200000, 0x0000000709400000|  0%| F|  |TAMS 0x0000000709200000| PB 0x0000000709200000| Untracked 
|  47|0x0000000709400000, 0x0000000709400000, 0x0000000709600000|  0%| F|  |TAMS 0x0000000709400000| PB 0x0000000709400000| Untracked 
|  48|0x0000000709600000, 0x0000000709600000, 0x0000000709800000|  0%| F|  |TAMS 0x0000000709600000| PB 0x0000000709600000| Untracked 
|  49|0x0000000709800000, 0x0000000709800000, 0x0000000709a00000|  0%| F|  |TAMS 0x0000000709800000| PB 0x0000000709800000| Untracked 
|  50|0x0000000709a00000, 0x0000000709a00000, 0x0000000709c00000|  0%| F|  |TAMS 0x0000000709a00000| PB 0x0000000709a00000| Untracked 
|  51|0x0000000709c00000, 0x0000000709c00000, 0x0000000709e00000|  0%| F|  |TAMS 0x0000000709c00000| PB 0x0000000709c00000| Untracked 
|  52|0x0000000709e00000, 0x0000000709e00000, 0x000000070a000000|  0%| F|  |TAMS 0x0000000709e00000| PB 0x0000000709e00000| Untracked 
|  53|0x000000070a000000, 0x000000070a000000, 0x000000070a200000|  0%| F|  |TAMS 0x000000070a000000| PB 0x000000070a000000| Untracked 
|  54|0x000000070a200000, 0x000000070a200000, 0x000000070a400000|  0%| F|  |TAMS 0x000000070a200000| PB 0x000000070a200000| Untracked 
|  55|0x000000070a400000, 0x000000070a400000, 0x000000070a600000|  0%| F|  |TAMS 0x000000070a400000| PB 0x000000070a400000| Untracked 
|  56|0x000000070a600000, 0x000000070a600000, 0x000000070a800000|  0%| F|  |TAMS 0x000000070a600000| PB 0x000000070a600000| Untracked 
|  57|0x000000070a800000, 0x000000070a800000, 0x000000070aa00000|  0%| F|  |TAMS 0x000000070a800000| PB 0x000000070a800000| Untracked 
|  58|0x000000070aa00000, 0x000000070aa00000, 0x000000070ac00000|  0%| F|  |TAMS 0x000000070aa00000| PB 0x000000070aa00000| Untracked 
|  59|0x000000070ac00000, 0x000000070ac00000, 0x000000070ae00000|  0%| F|  |TAMS 0x000000070ac00000| PB 0x000000070ac00000| Untracked 
|  60|0x000000070ae00000, 0x000000070ae00000, 0x000000070b000000|  0%| F|  |TAMS 0x000000070ae00000| PB 0x000000070ae00000| Untracked 
|  61|0x000000070b000000, 0x000000070b000000, 0x000000070b200000|  0%| F|  |TAMS 0x000000070b000000| PB 0x000000070b000000| Untracked 
|  62|0x000000070b200000, 0x000000070b200000, 0x000000070b400000|  0%| F|  |TAMS 0x000000070b200000| PB 0x000000070b200000| Untracked 
|  63|0x000000070b400000, 0x000000070b400000, 0x000000070b600000|  0%| F|  |TAMS 0x000000070b400000| PB 0x000000070b400000| Untracked 
|  64|0x000000070b600000, 0x000000070b600000, 0x000000070b800000|  0%| F|  |TAMS 0x000000070b600000| PB 0x000000070b600000| Untracked 
|  65|0x000000070b800000, 0x000000070b800000, 0x000000070ba00000|  0%| F|  |TAMS 0x000000070b800000| PB 0x000000070b800000| Untracked 
|  66|0x000000070ba00000, 0x000000070ba00000, 0x000000070bc00000|  0%| F|  |TAMS 0x000000070ba00000| PB 0x000000070ba00000| Untracked 
|  67|0x000000070bc00000, 0x000000070bc00000, 0x000000070be00000|  0%| F|  |TAMS 0x000000070bc00000| PB 0x000000070bc00000| Untracked 
|  68|0x000000070be00000, 0x000000070be00000, 0x000000070c000000|  0%| F|  |TAMS 0x000000070be00000| PB 0x000000070be00000| Untracked 
|  69|0x000000070c000000, 0x000000070c000000, 0x000000070c200000|  0%| F|  |TAMS 0x000000070c000000| PB 0x000000070c000000| Untracked 
|  70|0x000000070c200000, 0x000000070c200000, 0x000000070c400000|  0%| F|  |TAMS 0x000000070c200000| PB 0x000000070c200000| Untracked 
|  71|0x000000070c400000, 0x000000070c400000, 0x000000070c600000|  0%| F|  |TAMS 0x000000070c400000| PB 0x000000070c400000| Untracked 
|  72|0x000000070c600000, 0x000000070c600000, 0x000000070c800000|  0%| F|  |TAMS 0x000000070c600000| PB 0x000000070c600000| Untracked 
|  73|0x000000070c800000, 0x000000070c800000, 0x000000070ca00000|  0%| F|  |TAMS 0x000000070c800000| PB 0x000000070c800000| Untracked 
|  74|0x000000070ca00000, 0x000000070ca00000, 0x000000070cc00000|  0%| F|  |TAMS 0x000000070ca00000| PB 0x000000070ca00000| Untracked 
|  75|0x000000070cc00000, 0x000000070cc00000, 0x000000070ce00000|  0%| F|  |TAMS 0x000000070cc00000| PB 0x000000070cc00000| Untracked 
|  76|0x000000070ce00000, 0x000000070ce00000, 0x000000070d000000|  0%| F|  |TAMS 0x000000070ce00000| PB 0x000000070ce00000| Untracked 
|  77|0x000000070d000000, 0x000000070d000000, 0x000000070d200000|  0%| F|  |TAMS 0x000000070d000000| PB 0x000000070d000000| Untracked 
|  78|0x000000070d200000, 0x000000070d200000, 0x000000070d400000|  0%| F|  |TAMS 0x000000070d200000| PB 0x000000070d200000| Untracked 
|  79|0x000000070d400000, 0x000000070d400000, 0x000000070d600000|  0%| F|  |TAMS 0x000000070d400000| PB 0x000000070d400000| Untracked 
|  80|0x000000070d600000, 0x000000070d600000, 0x000000070d800000|  0%| F|  |TAMS 0x000000070d600000| PB 0x000000070d600000| Untracked 
|  81|0x000000070d800000, 0x000000070d800000, 0x000000070da00000|  0%| F|  |TAMS 0x000000070d800000| PB 0x000000070d800000| Untracked 
|  82|0x000000070da00000, 0x000000070da00000, 0x000000070dc00000|  0%| F|  |TAMS 0x000000070da00000| PB 0x000000070da00000| Untracked 
|  83|0x000000070dc00000, 0x000000070dc00000, 0x000000070de00000|  0%| F|  |TAMS 0x000000070dc00000| PB 0x000000070dc00000| Untracked 
|  84|0x000000070de00000, 0x000000070de00000, 0x000000070e000000|  0%| F|  |TAMS 0x000000070de00000| PB 0x000000070de00000| Untracked 
|  85|0x000000070e000000, 0x000000070e000000, 0x000000070e200000|  0%| F|  |TAMS 0x000000070e000000| PB 0x000000070e000000| Untracked 
|  86|0x000000070e200000, 0x000000070e200000, 0x000000070e400000|  0%| F|  |TAMS 0x000000070e200000| PB 0x000000070e200000| Untracked 
|  87|0x000000070e400000, 0x000000070e400000, 0x000000070e600000|  0%| F|  |TAMS 0x000000070e400000| PB 0x000000070e400000| Untracked 
|  88|0x000000070e600000, 0x000000070e755aa0, 0x000000070e800000| 66%| E|  |TAMS 0x000000070e600000| PB 0x000000070e600000| Complete 
|  89|0x000000070e800000, 0x000000070ea00000, 0x000000070ea00000|100%| E|CS|TAMS 0x000000070e800000| PB 0x000000070e800000| Complete 
|  90|0x000000070ea00000, 0x000000070ec00000, 0x000000070ec00000|100%| E|CS|TAMS 0x000000070ea00000| PB 0x000000070ea00000| Complete 
|  91|0x000000070ec00000, 0x000000070ee00000, 0x000000070ee00000|100%| E|CS|TAMS 0x000000070ec00000| PB 0x000000070ec00000| Complete 
|  92|0x000000070ee00000, 0x000000070f000000, 0x000000070f000000|100%| E|CS|TAMS 0x000000070ee00000| PB 0x000000070ee00000| Complete 
|  93|0x000000070f000000, 0x000000070f200000, 0x000000070f200000|100%| E|CS|TAMS 0x000000070f000000| PB 0x000000070f000000| Complete 
|  94|0x000000070f200000, 0x000000070f400000, 0x000000070f400000|100%| E|CS|TAMS 0x000000070f200000| PB 0x000000070f200000| Complete 
|  95|0x000000070f400000, 0x000000070f600000, 0x000000070f600000|100%| E|CS|TAMS 0x000000070f400000| PB 0x000000070f400000| Complete 
|  96|0x000000070f600000, 0x000000070f800000, 0x000000070f800000|100%| E|CS|TAMS 0x000000070f600000| PB 0x000000070f600000| Complete 
|  97|0x000000070f800000, 0x000000070fa00000, 0x000000070fa00000|100%| E|CS|TAMS 0x000000070f800000| PB 0x000000070f800000| Complete 
|  98|0x000000070fa00000, 0x000000070fc00000, 0x000000070fc00000|100%| E|CS|TAMS 0x000000070fa00000| PB 0x000000070fa00000| Complete 
|  99|0x000000070fc00000, 0x000000070fe00000, 0x000000070fe00000|100%| E|CS|TAMS 0x000000070fc00000| PB 0x000000070fc00000| Complete 
| 100|0x000000070fe00000, 0x0000000710000000, 0x0000000710000000|100%| E|CS|TAMS 0x000000070fe00000| PB 0x000000070fe00000| Complete 
| 101|0x0000000710000000, 0x0000000710200000, 0x0000000710200000|100%| E|CS|TAMS 0x0000000710000000| PB 0x0000000710000000| Complete 
| 102|0x0000000710200000, 0x0000000710400000, 0x0000000710400000|100%| E|CS|TAMS 0x0000000710200000| PB 0x0000000710200000| Complete 
| 103|0x0000000710400000, 0x0000000710600000, 0x0000000710600000|100%| E|CS|TAMS 0x0000000710400000| PB 0x0000000710400000| Complete 
| 104|0x0000000710600000, 0x0000000710800000, 0x0000000710800000|100%| E|CS|TAMS 0x0000000710600000| PB 0x0000000710600000| Complete 
| 105|0x0000000710800000, 0x0000000710a00000, 0x0000000710a00000|100%| E|CS|TAMS 0x0000000710800000| PB 0x0000000710800000| Complete 
| 106|0x0000000710a00000, 0x0000000710a838a8, 0x0000000710c00000| 25%| S|CS|TAMS 0x0000000710a00000| PB 0x0000000710a00000| Complete 
| 107|0x0000000710c00000, 0x0000000710e00000, 0x0000000710e00000|100%| S|CS|TAMS 0x0000000710c00000| PB 0x0000000710c00000| Complete 
| 108|0x0000000710e00000, 0x0000000711000000, 0x0000000711000000|100%| E|CS|TAMS 0x0000000710e00000| PB 0x0000000710e00000| Complete 
| 109|0x0000000711000000, 0x0000000711200000, 0x0000000711200000|100%| E|CS|TAMS 0x0000000711000000| PB 0x0000000711000000| Complete 
| 110|0x0000000711200000, 0x0000000711400000, 0x0000000711400000|100%| E|CS|TAMS 0x0000000711200000| PB 0x0000000711200000| Complete 
| 111|0x0000000711400000, 0x0000000711600000, 0x0000000711600000|100%| E|CS|TAMS 0x0000000711400000| PB 0x0000000711400000| Complete 
| 112|0x0000000711600000, 0x0000000711800000, 0x0000000711800000|100%| E|  |TAMS 0x0000000711600000| PB 0x0000000711600000| Complete 
| 113|0x0000000711800000, 0x0000000711a00000, 0x0000000711a00000|100%| E|CS|TAMS 0x0000000711800000| PB 0x0000000711800000| Complete 
| 114|0x0000000711a00000, 0x0000000711c00000, 0x0000000711c00000|100%| E|CS|TAMS 0x0000000711a00000| PB 0x0000000711a00000| Complete 
| 115|0x0000000711c00000, 0x0000000711e00000, 0x0000000711e00000|100%| E|CS|TAMS 0x0000000711c00000| PB 0x0000000711c00000| Complete 
| 116|0x0000000711e00000, 0x0000000712000000, 0x0000000712000000|100%| E|CS|TAMS 0x0000000711e00000| PB 0x0000000711e00000| Complete 
| 117|0x0000000712000000, 0x0000000712200000, 0x0000000712200000|100%| E|CS|TAMS 0x0000000712000000| PB 0x0000000712000000| Complete 
| 118|0x0000000712200000, 0x0000000712400000, 0x0000000712400000|100%| E|CS|TAMS 0x0000000712200000| PB 0x0000000712200000| Complete 
| 119|0x0000000712400000, 0x0000000712600000, 0x0000000712600000|100%| E|CS|TAMS 0x0000000712400000| PB 0x0000000712400000| Complete 
| 120|0x0000000712600000, 0x0000000712800000, 0x0000000712800000|100%| E|CS|TAMS 0x0000000712600000| PB 0x0000000712600000| Complete 
| 121|0x0000000712800000, 0x0000000712a00000, 0x0000000712a00000|100%| E|CS|TAMS 0x0000000712800000| PB 0x0000000712800000| Complete 
| 122|0x0000000712a00000, 0x0000000712c00000, 0x0000000712c00000|100%| E|CS|TAMS 0x0000000712a00000| PB 0x0000000712a00000| Complete 
| 123|0x0000000712c00000, 0x0000000712e00000, 0x0000000712e00000|100%| E|CS|TAMS 0x0000000712c00000| PB 0x0000000712c00000| Complete 
| 124|0x0000000712e00000, 0x0000000713000000, 0x0000000713000000|100%| E|CS|TAMS 0x0000000712e00000| PB 0x0000000712e00000| Complete 
| 125|0x0000000713000000, 0x0000000713200000, 0x0000000713200000|100%| E|CS|TAMS 0x0000000713000000| PB 0x0000000713000000| Complete 
| 126|0x0000000713200000, 0x0000000713400000, 0x0000000713400000|100%| E|CS|TAMS 0x0000000713200000| PB 0x0000000713200000| Complete 

Card table byte_map: [0x000001d7aba50000,0x000001d7ac240000] _byte_map_base: 0x000001d7a8235000

Marking Bits: (CMBitMap*) 0x000001d793bbfb20
 Bits: [0x000001d7ac240000, 0x000001d7b0168000)

Polling page: 0x000001d791dd0000

Metaspace:

Usage:
  Non-class:     15.26 MB used.
      Class:      2.02 MB used.
       Both:     17.28 MB used.

Virtual space:
  Non-class space:       64.00 MB reserved,      15.44 MB ( 24%) committed,  1 nodes.
      Class space:        1.00 GB reserved,       2.19 MB ( <1%) committed,  1 nodes.
             Both:        1.06 GB reserved,      17.62 MB (  2%) committed. 

Chunk freelists:
   Non-Class:  175.00 KB
       Class:  13.73 MB
        Both:  13.91 MB

MaxMetaspaceSize: unlimited
CompressedClassSpaceSize: 1.00 GB
Initial GC threshold: 21.00 MB
Current GC threshold: 21.00 MB
CDS: on
 - commit_granule_bytes: 65536.
 - commit_granule_words: 8192.
 - virtual_space_node_default_size: 8388608.
 - enlarge_chunks_in_place: 1.
 - use_allocation_guard: 0.


Internal statistics:

num_allocs_failed_limit: 0.
num_arena_births: 214.
num_arena_deaths: 0.
num_vsnodes_births: 2.
num_vsnodes_deaths: 0.
num_space_committed: 282.
num_space_uncommitted: 0.
num_chunks_returned_to_freelist: 0.
num_chunks_taken_from_freelist: 797.
num_chunk_merges: 0.
num_chunk_splits: 562.
num_chunks_enlarged: 457.
num_inconsistent_stats: 0.

CodeHeap 'non-profiled nmethods': size=120000Kb used=2084Kb max_used=2084Kb free=117915Kb
 bounds [0x000001d7a3d30000, 0x000001d7a3fa0000, 0x000001d7ab260000]
CodeHeap 'profiled nmethods': size=120000Kb used=8884Kb max_used=8884Kb free=111115Kb
 bounds [0x000001d79c260000, 0x000001d79cb10000, 0x000001d7a3790000]
CodeHeap 'non-nmethods': size=5760Kb used=1421Kb max_used=1440Kb free=4338Kb
 bounds [0x000001d7a3790000, 0x000001d7a3a00000, 0x000001d7a3d30000]
CodeCache: size=245760Kb, used=12389Kb, max_used=12408Kb, free=233368Kb
 total_blobs=4862, nmethods=4354, adapters=413, full_count=0
Compilation: enabled, stopped_count=0, restarted_count=0

Compilation events (20 events):
Event: 15.273 Thread 0x000001d7b2652880 4335       3       org.apache.maven.repository.internal.ArtifactDescriptorUtils::toRemoteRepository (49 bytes)
Event: 15.274 Thread 0x000001d7b2652880 nmethod 4335 0x000001d79cb01a10 code [0x000001d79cb01c20, 0x000001d79cb02348]
Event: 15.274 Thread 0x000001d7b2652880 4337   !   3       org.eclipse.aether.util.ConfigUtils::getInteger (76 bytes)
Event: 15.274 Thread 0x000001d7b2652880 nmethod 4337 0x000001d79cb02590 code [0x000001d79cb027c0, 0x000001d79cb03068]
Event: 15.274 Thread 0x000001d7b2652880 4336       3       org.eclipse.aether.util.ConfigUtils::getInteger (12 bytes)
Event: 15.274 Thread 0x000001d7b2652880 nmethod 4336 0x000001d79cb03310 code [0x000001d79cb034c0, 0x000001d79cb03648]
Event: 15.278 Thread 0x000001d7b2652880 4338       1       org.codehaus.plexus.util.xml.XmlReader::getEncoding (5 bytes)
Event: 15.278 Thread 0x000001d7b2652880 nmethod 4338 0x000001d7a3f38a10 code [0x000001d7a3f38ba0, 0x000001d7a3f38c70]
Event: 15.283 Thread 0x000001d7b2652880 4339       3       org.apache.maven.model.building.DefaultModelBuilder$$Lambda/0x000001d7b41b8b28::apply (8 bytes)
Event: 15.283 Thread 0x000001d7b2652880 nmethod 4339 0x000001d79cb03790 code [0x000001d79cb03940, 0x000001d79cb03b78]
Event: 15.283 Thread 0x000001d7b2652880 4342   !   3       org.codehaus.plexus.interpolation.RegexBasedInterpolator::getPattern (69 bytes)
Event: 15.284 Thread 0x000001d7b2652880 nmethod 4342 0x000001d79cb03c90 code [0x000001d79cb03ea0, 0x000001d79cb04660]
Event: 15.284 Thread 0x000001d7b2652880 4340       3       org.apache.maven.model.building.DefaultModelBuilder$$Lambda/0x000001d7b41b8fa0::apply (8 bytes)
Event: 15.284 Thread 0x000001d7b2652880 nmethod 4340 0x000001d79cb04910 code [0x000001d79cb04ac0, 0x000001d79cb04cf8]
Event: 15.284 Thread 0x000001d7b2652880 4341       3       org.apache.maven.model.building.DefaultModelBuilder$$Lambda/0x000001d7b41b9418::apply (8 bytes)
Event: 15.285 Thread 0x000001d7b2652880 nmethod 4341 0x000001d79cb04e10 code [0x000001d79cb04fc0, 0x000001d79cb051f8]
Event: 15.293 Thread 0x000001d7b2652880 4343       3       java.util.Spliterators$IteratorSpliterator::estimateSize (41 bytes)
Event: 15.293 Thread 0x000001d7b2652880 nmethod 4343 0x000001d79cb05310 code [0x000001d79cb054e0, 0x000001d79cb05860]
Event: 15.293 Thread 0x000001d7b2652880 4344       3       java.util.stream.Collectors::collectingAndThen (95 bytes)
Event: 15.556 Thread 0x000001d7b2652880 nmethod 4344 0x000001d79cb05990 code [0x000001d79cb05c40, 0x000001d79cb06ae8]

GC Heap History (6 events):
Event: 1.889 GC heap before
{Heap before GC invocations=0 (full 0):
 garbage-first heap   total 260096K, used 12288K [0x0000000703600000, 0x0000000800000000)
  region size 2048K, 6 young (12288K), 0 survivors (0K)
 Metaspace       used 3541K, committed 3776K, reserved 1114112K
  class space    used 363K, committed 448K, reserved 1048576K
}
Event: 1.894 GC heap after
{Heap after GC invocations=1 (full 0):
 garbage-first heap   total 260096K, used 3238K [0x0000000703600000, 0x0000000800000000)
  region size 2048K, 1 young (2048K), 1 survivors (2048K)
 Metaspace       used 3541K, committed 3776K, reserved 1114112K
  class space    used 363K, committed 448K, reserved 1048576K
}
Event: 2.512 GC heap before
{Heap before GC invocations=1 (full 0):
 garbage-first heap   total 260096K, used 13478K [0x0000000703600000, 0x0000000800000000)
  region size 2048K, 6 young (12288K), 1 survivors (2048K)
 Metaspace       used 5828K, committed 6016K, reserved 1114112K
  class space    used 686K, committed 768K, reserved 1048576K
}
Event: 2.517 GC heap after
{Heap after GC invocations=2 (full 0):
 garbage-first heap   total 260096K, used 3948K [0x0000000703600000, 0x0000000800000000)
  region size 2048K, 1 young (2048K), 1 survivors (2048K)
 Metaspace       used 5828K, committed 6016K, reserved 1114112K
  class space    used 686K, committed 768K, reserved 1048576K
}
Event: 5.022 GC heap before
{Heap before GC invocations=2 (full 0):
 garbage-first heap   total 260096K, used 38764K [0x0000000703600000, 0x0000000800000000)
  region size 2048K, 19 young (38912K), 1 survivors (2048K)
 Metaspace       used 10853K, committed 11072K, reserved 1114112K
  class space    used 1311K, committed 1408K, reserved 1048576K
}
Event: 5.026 GC heap after
{Heap after GC invocations=3 (full 0):
 garbage-first heap   total 260096K, used 5867K [0x0000000703600000, 0x0000000800000000)
  region size 2048K, 2 young (4096K), 2 survivors (4096K)
 Metaspace       used 10853K, committed 11072K, reserved 1114112K
  class space    used 1311K, committed 1408K, reserved 1048576K
}

Dll operation events (8 events):
Event: 0.055 Loaded shared library C:\Users\пися попа\.jdks\ms-21.0.8\bin\java.dll
Event: 0.388 Loaded shared library C:\Users\пися попа\.jdks\ms-21.0.8\bin\jsvml.dll
Event: 0.482 Loaded shared library C:\Users\пися попа\.jdks\ms-21.0.8\bin\net.dll
Event: 0.490 Loaded shared library C:\Users\пися попа\.jdks\ms-21.0.8\bin\nio.dll
Event: 0.502 Loaded shared library C:\Users\пися попа\.jdks\ms-21.0.8\bin\zip.dll
Event: 1.146 Loaded shared library C:\Program Files\JetBrains\IntelliJ IDEA Community Edition 2025.2\plugins\maven\lib\maven3\lib\jansi-native\Windows\x86_64\jansi.dll
Event: 1.158 Loaded shared library C:\Users\пися попа\.jdks\ms-21.0.8\bin\jimage.dll
Event: 1.180 Loaded shared library C:\Users\пися попа\.jdks\ms-21.0.8\bin\verify.dll

Deoptimization events (20 events):
Event: 15.138 Thread 0x000001d7917b2120 Uncommon trap: trap_request=0xffffffbe fr.pc=0x000001d7a3f36cf8 relative=0x0000000000000258
Event: 15.138 Thread 0x000001d7917b2120 Uncommon trap: reason=profile_predicate action=maybe_recompile pc=0x000001d7a3f36cf8 method=java.util.HashMap.keysToArray([Ljava/lang/Object;)[Ljava/lang/Object; @ 36 c2
Event: 15.138 Thread 0x000001d7917b2120 DEOPT PACKING pc=0x000001d7a3f36cf8 sp=0x000000a1fb1fd040
Event: 15.138 Thread 0x000001d7917b2120 DEOPT UNPACKING pc=0x000001d7a37e469c sp=0x000000a1fb1fcfe0 mode 2
Event: 15.138 Thread 0x000001d7917b2120 Uncommon trap: trap_request=0xffffffbe fr.pc=0x000001d7a3f36cf8 relative=0x0000000000000258
Event: 15.138 Thread 0x000001d7917b2120 Uncommon trap: reason=profile_predicate action=maybe_recompile pc=0x000001d7a3f36cf8 method=java.util.HashMap.keysToArray([Ljava/lang/Object;)[Ljava/lang/Object; @ 36 c2
Event: 15.138 Thread 0x000001d7917b2120 DEOPT PACKING pc=0x000001d7a3f36cf8 sp=0x000000a1fb1fcdb0
Event: 15.138 Thread 0x000001d7917b2120 DEOPT UNPACKING pc=0x000001d7a37e469c sp=0x000000a1fb1fcd50 mode 2
Event: 15.138 Thread 0x000001d7917b2120 Uncommon trap: trap_request=0xffffffbe fr.pc=0x000001d7a3f36cf8 relative=0x0000000000000258
Event: 15.138 Thread 0x000001d7917b2120 Uncommon trap: reason=profile_predicate action=maybe_recompile pc=0x000001d7a3f36cf8 method=java.util.HashMap.keysToArray([Ljava/lang/Object;)[Ljava/lang/Object; @ 36 c2
Event: 15.139 Thread 0x000001d7917b2120 DEOPT PACKING pc=0x000001d7a3f36cf8 sp=0x000000a1fb1fd040
Event: 15.139 Thread 0x000001d7917b2120 DEOPT UNPACKING pc=0x000001d7a37e469c sp=0x000000a1fb1fcfe0 mode 2
Event: 15.141 Thread 0x000001d7917b2120 Uncommon trap: trap_request=0xffffffbe fr.pc=0x000001d7a3f36cf8 relative=0x0000000000000258
Event: 15.141 Thread 0x000001d7917b2120 Uncommon trap: reason=profile_predicate action=maybe_recompile pc=0x000001d7a3f36cf8 method=java.util.HashMap.keysToArray([Ljava/lang/Object;)[Ljava/lang/Object; @ 36 c2
Event: 15.141 Thread 0x000001d7917b2120 DEOPT PACKING pc=0x000001d7a3f36cf8 sp=0x000000a1fb1fcd70
Event: 15.141 Thread 0x000001d7917b2120 DEOPT UNPACKING pc=0x000001d7a37e469c sp=0x000000a1fb1fcd10 mode 2
Event: 15.239 Thread 0x000001d7917b2120 Uncommon trap: trap_request=0xffffff45 fr.pc=0x000001d7a3e95d8c relative=0x00000000000000cc
Event: 15.239 Thread 0x000001d7917b2120 Uncommon trap: reason=unstable_if action=reinterpret pc=0x000001d7a3e95d8c method=org.apache.maven.model.io.xpp3.MavenXpp3Reader.nextTag(Lorg/codehaus/plexus/util/xml/pull/XmlPullParser;)I @ 9 c2
Event: 15.239 Thread 0x000001d7917b2120 DEOPT PACKING pc=0x000001d7a3e95d8c sp=0x000000a1fb1fd010
Event: 15.239 Thread 0x000001d7917b2120 DEOPT UNPACKING pc=0x000001d7a37e469c sp=0x000000a1fb1fcfa0 mode 2

Classes loaded (20 events):
Event: 14.570 Loading class java/time/zone/TzdbZoneRulesProvider
Event: 14.571 Loading class java/time/zone/TzdbZoneRulesProvider done
Event: 14.609 Loading class java/time/zone/Ser
Event: 14.610 Loading class java/io/Externalizable
Event: 14.610 Loading class java/io/Externalizable done
Event: 14.610 Loading class java/time/zone/Ser done
Event: 14.611 Loading class java/time/zone/ZoneOffsetTransition
Event: 14.612 Loading class java/time/zone/ZoneOffsetTransition done
Event: 14.625 Loading class jdk/internal/reflect/MethodHandleBooleanFieldAccessorImpl
Event: 14.628 Loading class jdk/internal/reflect/MethodHandleBooleanFieldAccessorImpl done
Event: 14.665 Loading class java/lang/Character$UnicodeBlock
Event: 14.667 Loading class java/lang/Character$Subset
Event: 14.667 Loading class java/lang/Character$Subset done
Event: 14.669 Loading class java/lang/Character$UnicodeBlock done
Event: 14.739 Loading class sun/nio/cs/UTF_8$Encoder
Event: 14.740 Loading class sun/nio/cs/UTF_8$Encoder done
Event: 14.847 Loading class java/nio/BufferMismatch
Event: 14.847 Loading class java/nio/BufferMismatch done
Event: 14.848 Loading class java/nio/file/attribute/PosixFileAttributes
Event: 14.849 Loading class java/nio/file/attribute/PosixFileAttributes done

Classes unloaded (0 events):
No events

Classes redefined (0 events):
No events

Internal exceptions (20 events):
Event: 5.101 Thread 0x000001d7917b2120 Exception <a 'java/lang/NoSuchMethodError'{0x000000071336bc80}: 'java.lang.Object java.lang.invoke.DirectMethodHandle$Holder.invokeSpecial(java.lang.Object, java.lang.Object, java.lang.Object, java.lang.Object, long)'> (0x000000071336bc80) 
thrown [s\src\hotspot\share\interpreter\linkResolver.cpp, line 773]
Event: 5.104 Thread 0x000001d7917b2120 Exception <a 'java/lang/NoSuchMethodError'{0x0000000713377840}: 'java.lang.Object java.lang.invoke.DirectMethodHandle$Holder.invokeSpecial(java.lang.Object, java.lang.Object, java.lang.Object, int, java.lang.Object)'> (0x0000000713377840) 
thrown [s\src\hotspot\share\interpreter\linkResolver.cpp, line 773]
Event: 5.115 Thread 0x000001d7917b2120 Implicit null exception at 0x000001d7a3db5bdd to 0x000001d7a3db5dbc
Event: 5.121 Thread 0x000001d7917b2120 Exception <a 'java/lang/NoSuchMethodError'{0x000000071339be08}: 'java.lang.Object java.lang.invoke.Invokers$Holder.invokeExact_MT(java.lang.Object, int, java.lang.Object)'> (0x000000071339be08) 
thrown [s\src\hotspot\share\interpreter\linkResolver.cpp, line 773]
Event: 8.504 Thread 0x000001d7917b2120 Exception <a 'java/lang/NoSuchMethodError'{0x0000000712bee450}: 'void java.lang.invoke.Invokers$Holder.invokeExact_MT(java.lang.Object, java.lang.Object, java.lang.Object, java.lang.Object)'> (0x0000000712bee450) 
thrown [s\src\hotspot\share\interpreter\linkResolver.cpp, line 773]
Event: 8.580 Thread 0x000001d7917b2120 Exception <a 'java/lang/NoClassDefFoundError'{0x0000000712883e80}: com/google/inject/servlet/ServletModuleTargetVisitor> (0x0000000712883e80) 
thrown [s\src\hotspot\share\classfile\systemDictionary.cpp, line 301]
Event: 9.088 Thread 0x000001d7917b2120 Exception <a 'java/lang/NoSuchMethodError'{0x00000007127c5fd8}: 'java.lang.Object java.lang.invoke.DirectMethodHandle$Holder.invokeStaticInit(java.lang.Object, int, int, int, int)'> (0x00000007127c5fd8) 
thrown [s\src\hotspot\share\interpreter\linkResolver.cpp, line 773]
Event: 9.924 Thread 0x000001d7917b2120 Exception <a 'java/lang/NoSuchMethodError'{0x000000071213d4d8}: 'void java.lang.invoke.DirectMethodHandle$Holder.invokeSpecial(java.lang.Object, java.lang.Object, java.lang.Object, java.lang.Object, java.lang.Object)'> (0x000000071213d4d8) 
thrown [s\src\hotspot\share\interpreter\linkResolver.cpp, line 773]
Event: 9.929 Thread 0x000001d7917b2120 Exception <a 'java/lang/NoSuchMethodError'{0x0000000712157bc0}: 'java.lang.Object java.lang.invoke.DirectMethodHandle$Holder.invokeVirtual(java.lang.Object, java.lang.Object, java.lang.Object)'> (0x0000000712157bc0) 
thrown [s\src\hotspot\share\interpreter\linkResolver.cpp, line 773]
Event: 9.937 Thread 0x000001d7917b2120 Exception <a 'java/lang/NoSuchMethodError'{0x00000007121690b0}: 'void java.lang.invoke.DirectMethodHandle$Holder.invokeSpecial(java.lang.Object, java.lang.Object, java.lang.Object, java.lang.Object, java.lang.Object, java.lang.Object)'> (0x00000007121690b0) 
thrown [s\src\hotspot\share\interpreter\linkResolver.cpp, line 773]
Event: 10.154 Thread 0x000001d7917b2120 Exception <a 'java/lang/NoSuchMethodError'{0x0000000711ee6b58}: 'void java.lang.invoke.DirectMethodHandle$Holder.invokeVirtual(java.lang.Object, java.lang.Object, int)'> (0x0000000711ee6b58) 
thrown [s\src\hotspot\share\interpreter\linkResolver.cpp, line 773]
Event: 10.156 Thread 0x000001d7917b2120 Exception <a 'java/lang/NoSuchMethodError'{0x0000000711eea968}: 'void java.lang.invoke.DirectMethodHandle$Holder.invokeSpecial(java.lang.Object, java.lang.Object, java.lang.Object, int)'> (0x0000000711eea968) 
thrown [s\src\hotspot\share\interpreter\linkResolver.cpp, line 773]
Event: 10.156 Thread 0x000001d7917b2120 Exception <a 'java/lang/NoSuchMethodError'{0x0000000711eee048}: 'void java.lang.invoke.DelegatingMethodHandle$Holder.reinvoke_L(java.lang.Object, java.lang.Object, int)'> (0x0000000711eee048) 
thrown [s\src\hotspot\share\interpreter\linkResolver.cpp, line 773]
Event: 11.772 Thread 0x000001d7917b2120 Implicit null exception at 0x000001d7a3e6610d to 0x000001d7a3e66a24
Event: 11.818 Thread 0x000001d7917b2120 Implicit null exception at 0x000001d7a3de24bd to 0x000001d7a3de2541
Event: 13.672 Thread 0x000001d7917b2120 Implicit null exception at 0x000001d7a3df6e1b to 0x000001d7a3df7014
Event: 13.672 Thread 0x000001d7917b2120 Implicit null exception at 0x000001d7a3df611b to 0x000001d7a3df6318
Event: 13.955 Thread 0x000001d7917b2120 Exception <a 'java/lang/NoSuchMethodError'{0x000000070f4c7be0}: 'java.lang.Object java.lang.invoke.DirectMethodHandle$Holder.newInvokeSpecial(java.lang.Object, java.lang.Object, java.lang.Object, java.lang.Object, java.lang.Object, java.lang.Object, java.lang.Object)'> (0x000000070f4c7be0) 
thrown [s\src\hotspot\share\interpreter\linkResolver.cpp, line 773]
Event: 14.507 Thread 0x000001d7917b2120 Exception <a 'java/lang/NoSuchMethodError'{0x000000070ef653a0}: 'int java.lang.invoke.DirectMethodHandle$Holder.invokeVirtual(java.lang.Object, java.lang.Object)'> (0x000000070ef653a0) 
thrown [s\src\hotspot\share\interpreter\linkResolver.cpp, line 773]
Event: 14.630 Thread 0x000001d7917b2120 Exception <a 'java/lang/NoSuchMethodError'{0x000000070ec8be88}: 'void java.lang.invoke.Invokers$Holder.invokeExact_MT(java.lang.Object, java.lang.Object, int, java.lang.Object)'> (0x000000070ec8be88) 
thrown [s\src\hotspot\share\interpreter\linkResolver.cpp, line 773]

ZGC Phase Switch (0 events):
No events

VM Operations (20 events):
Event: 8.986 Executing VM operation: HandshakeAllThreads (Deoptimize) done
Event: 9.247 Executing VM operation: HandshakeAllThreads (Deoptimize)
Event: 9.247 Executing VM operation: HandshakeAllThreads (Deoptimize) done
Event: 9.573 Executing VM operation: HandshakeAllThreads (Deoptimize)
Event: 9.573 Executing VM operation: HandshakeAllThreads (Deoptimize) done
Event: 9.573 Executing VM operation: Cleanup
Event: 9.573 Executing VM operation: Cleanup done
Event: 9.757 Executing VM operation: HandshakeAllThreads (Deoptimize)
Event: 9.757 Executing VM operation: HandshakeAllThreads (Deoptimize) done
Event: 10.771 Executing VM operation: Cleanup
Event: 10.803 Executing VM operation: Cleanup done
Event: 11.806 Executing VM operation: Cleanup
Event: 11.806 Executing VM operation: Cleanup done
Event: 12.811 Executing VM operation: Cleanup
Event: 12.890 Executing VM operation: Cleanup done
Event: 13.900 Executing VM operation: Cleanup
Event: 13.901 Executing VM operation: Cleanup done
Event: 14.492 Executing VM operation: ICBufferFull
Event: 14.492 Executing VM operation: ICBufferFull done
Event: 15.493 Executing VM operation: Cleanup

Memory protections (0 events):
No events

Nmethod flushes (0 events):
No events

Events (20 events):
Event: 0.342 Thread 0x000001d7917b2120 Thread added: 0x000001d7b26479a0
Event: 0.342 Thread 0x000001d7917b2120 Thread added: 0x000001d7b26483f0
Event: 0.343 Thread 0x000001d7917b2120 Thread added: 0x000001d7b2648e40
Event: 0.343 Thread 0x000001d7917b2120 Thread added: 0x000001d7b264abd0
Event: 0.356 Thread 0x000001d7917b2120 Thread added: 0x000001d7b2652880
Event: 0.461 Thread 0x000001d7917b2120 Thread added: 0x000001d7b27c94d0
Event: 0.472 Thread 0x000001d7917b2120 Thread added: 0x000001d7b27de960
Event: 1.134 Thread 0x000001d7917b2120 Thread added: 0x000001d7b2a72920
Event: 1.299 Thread 0x000001d7b2a72920 Thread exited: 0x000001d7b2a72920
Event: 1.773 Thread 0x000001d7b2652880 Thread added: 0x000001d7f87ed7f0
Event: 1.959 Thread 0x000001d7f87ed7f0 Thread exited: 0x000001d7f87ed7f0
Event: 2.449 Thread 0x000001d7b2652880 Thread added: 0x000001d7f87037f0
Event: 3.406 Thread 0x000001d7f87037f0 Thread exited: 0x000001d7f87037f0
Event: 9.629 Thread 0x000001d7917b2120 Thread added: 0x000001d7f8b26720
Event: 10.600 Thread 0x000001d7b2652880 Thread added: 0x000001d7f8b53e20
Event: 11.696 Thread 0x000001d7f8b53e20 Thread exited: 0x000001d7f8b53e20
Event: 12.524 Thread 0x000001d7b2652880 Thread added: 0x000001d7f90ba3f0
Event: 12.892 Thread 0x000001d7f90ba3f0 Thread exited: 0x000001d7f90ba3f0
Event: 13.114 Thread 0x000001d7b2652880 Thread added: 0x000001d7f82ce600
Event: 14.211 Thread 0x000001d7f82ce600 Thread exited: 0x000001d7f82ce600


Dynamic libraries:
0x00007ff7d22b0000 - 0x00007ff7d22be000 	C:\Users\пися попа\.jdks\ms-21.0.8\bin\java.exe
0x00007ffbbb0c0000 - 0x00007ffbbb329000 	C:\Windows\SYSTEM32\ntdll.dll
0x00007ffbba7b0000 - 0x00007ffbba879000 	C:\Windows\System32\KERNEL32.DLL
0x00007ffbb8690000 - 0x00007ffbb8a7f000 	C:\Windows\System32\KERNELBASE.dll
0x00007ffbb8c70000 - 0x00007ffbb8dbb000 	C:\Windows\System32\ucrtbase.dll
0x00007ffb97e20000 - 0x00007ffb97e38000 	C:\Users\пися попа\.jdks\ms-21.0.8\bin\jli.dll
0x00007ffbb8e80000 - 0x00007ffbb904c000 	C:\Windows\System32\USER32.dll
0x00007ffbb8660000 - 0x00007ffbb8687000 	C:\Windows\System32\win32u.dll
0x00007ffbb9760000 - 0x00007ffbb978b000 	C:\Windows\System32\GDI32.dll
0x00007ffb94780000 - 0x00007ffb9479e000 	C:\Users\пися попа\.jdks\ms-21.0.8\bin\VCRUNTIME140.dll
0x00007ffbb8b30000 - 0x00007ffbb8c68000 	C:\Windows\System32\gdi32full.dll
0x00007ffbb85b0000 - 0x00007ffbb8653000 	C:\Windows\System32\msvcp_win.dll
0x00007ffb987a0000 - 0x00007ffb98a3a000 	C:\Windows\WinSxS\amd64_microsoft.windows.common-controls_6595b64144ccf1df_6.0.26100.5651_none_3e0bb264e3315894\COMCTL32.dll
0x00007ffbb9460000 - 0x00007ffbb9509000 	C:\Windows\System32\msvcrt.dll
0x00007ffbb9a90000 - 0x00007ffbb9abf000 	C:\Windows\System32\IMM32.DLL
0x00007ffb97e10000 - 0x00007ffb97e1c000 	C:\Users\пися попа\.jdks\ms-21.0.8\bin\vcruntime140_1.dll
0x00007ffb69890000 - 0x00007ffb69919000 	C:\Users\пися попа\.jdks\ms-21.0.8\bin\msvcp140.dll
0x00007ffb28810000 - 0x00007ffb295bc000 	C:\Users\пися попа\.jdks\ms-21.0.8\bin\server\jvm.dll
0x00007ffbb96a0000 - 0x00007ffbb9754000 	C:\Windows\System32\ADVAPI32.dll
0x00007ffbba880000 - 0x00007ffbba926000 	C:\Windows\System32\sechost.dll
0x00007ffbba3a0000 - 0x00007ffbba4b8000 	C:\Windows\System32\RPCRT4.dll
0x00007ffbb9050000 - 0x00007ffbb90c4000 	C:\Windows\System32\WS2_32.dll
0x00007ffb71cd0000 - 0x00007ffb71d05000 	C:\Windows\SYSTEM32\WINMM.dll
0x00007ffbb8070000 - 0x00007ffbb80ce000 	C:\Windows\SYSTEM32\POWRPROF.dll
0x00007ffbb0730000 - 0x00007ffbb073b000 	C:\Windows\SYSTEM32\VERSION.dll
0x00007ffbb8050000 - 0x00007ffbb8064000 	C:\Windows\SYSTEM32\UMPDC.dll
0x00007ffbb6fc0000 - 0x00007ffbb6fdb000 	C:\Windows\SYSTEM32\kernel.appcore.dll
0x00007ffb949f0000 - 0x00007ffb949fa000 	C:\Users\пися попа\.jdks\ms-21.0.8\bin\jimage.dll
0x00007ffba8c40000 - 0x00007ffba8e82000 	C:\Windows\SYSTEM32\DBGHELP.DLL
0x00007ffbb90d0000 - 0x00007ffbb9459000 	C:\Windows\System32\combase.dll
0x00007ffbb9520000 - 0x00007ffbb9600000 	C:\Windows\System32\OLEAUT32.dll
0x00007ffba8af0000 - 0x00007ffba8b33000 	C:\Windows\SYSTEM32\dbgcore.DLL
0x00007ffbb8a90000 - 0x00007ffbb8b29000 	C:\Windows\System32\bcryptPrimitives.dll
0x00007ffb93570000 - 0x00007ffb93591000 	C:\Users\пися попа\.jdks\ms-21.0.8\bin\java.dll
0x00007ffbb9bb0000 - 0x00007ffbba2fe000 	C:\Windows\System32\SHELL32.dll
0x00007ffbb82b0000 - 0x00007ffbb8424000 	C:\Windows\System32\wintypes.dll
0x00007ffbb5e70000 - 0x00007ffbb66d0000 	C:\Windows\SYSTEM32\windows.storage.dll
0x00007ffbbab30000 - 0x00007ffbbac25000 	C:\Windows\System32\SHCORE.dll
0x00007ffbb9ae0000 - 0x00007ffbb9b49000 	C:\Windows\System32\shlwapi.dll
0x00007ffbb8130000 - 0x00007ffbb815f000 	C:\Windows\SYSTEM32\profapi.dll
0x00007ffb66fe0000 - 0x00007ffb670b6000 	C:\Users\пися попа\.jdks\ms-21.0.8\bin\jsvml.dll
0x00007ffb939d0000 - 0x00007ffb939e1000 	C:\Users\пися попа\.jdks\ms-21.0.8\bin\net.dll
0x00007ffbaed20000 - 0x00007ffbaee3e000 	C:\Windows\SYSTEM32\WINHTTP.dll
0x00007ffbb7540000 - 0x00007ffbb75ab000 	C:\Windows\system32\mswsock.dll
0x00007ffb83f20000 - 0x00007ffb83f36000 	C:\Users\пися попа\.jdks\ms-21.0.8\bin\nio.dll
0x00007ffb71b50000 - 0x00007ffb71b68000 	C:\Users\пися попа\.jdks\ms-21.0.8\bin\zip.dll
0x00007ffb71560000 - 0x00007ffb71584000 	C:\Program Files\JetBrains\IntelliJ IDEA Community Edition 2025.2\plugins\maven\lib\maven3\lib\jansi-native\Windows\x86_64\jansi.dll
0x00007ffb946e0000 - 0x00007ffb946f0000 	C:\Users\пися попа\.jdks\ms-21.0.8\bin\verify.dll

JVMTI agents: none

dbghelp: loaded successfully - version: 4.0.5 - missing functions: none
symbol engine: initialized successfully - sym options: 0x614 - pdb path: .;C:\Users\пися попа\.jdks\ms-21.0.8\bin;C:\Windows\SYSTEM32;C:\Windows\WinSxS\amd64_microsoft.windows.common-controls_6595b64144ccf1df_6.0.26100.5651_none_3e0bb264e3315894;C:\Users\пися попа\.jdks\ms-21.0.8\bin\server;C:\Program Files\JetBrains\IntelliJ IDEA Community Edition 2025.2\plugins\maven\lib\maven3\lib\jansi-native\Windows\x86_64

VM Arguments:
jvm_args: -Dclassworlds.conf=C:\Program Files\JetBrains\IntelliJ IDEA Community Edition 2025.2\plugins\maven\lib\maven3\bin\m2.conf -Dmaven.home=C:\Program Files\JetBrains\IntelliJ IDEA Community Edition 2025.2\plugins\maven\lib\maven3 -Dlibrary.jansi.path=C:\Program Files\JetBrains\IntelliJ IDEA Community Edition 2025.2\plugins\maven\lib\maven3\lib\jansi-native -Dmaven.multiModuleProjectDirectory=C:\Users\пися попа\IdeaProjects\untitled5 
java_command: org.codehaus.plexus.classworlds.launcher.Launcher -Didea.version=2025.2 -Dmaven.ext.class.path=C:\Program Files\JetBrains\IntelliJ IDEA Community Edition 2025.2\plugins\maven\lib\maven-event-listener.jar -Djansi.passthrough=true -Dstyle.color=always package
java_class_path (initial): C:\Program Files\JetBrains\IntelliJ IDEA Community Edition 2025.2\plugins\maven\lib\maven3\boot\plexus-classworlds-2.8.0.jar
Launcher Type: SUN_STANDARD

[Global flags]
     intx CICompilerCount                          = 3                                         {product} {ergonomic}
     uint ConcGCThreads                            = 1                                         {product} {ergonomic}
     uint G1ConcRefinementThreads                  = 4                                         {product} {ergonomic}
   size_t G1HeapRegionSize                         = 2097152                                   {product} {ergonomic}
    uintx GCDrainStackTargetSize                   = 64                                        {product} {ergonomic}
   size_t InitialHeapSize                          = 266338304                                 {product} {ergonomic}
   size_t MarkStackSize                            = 4194304                                   {product} {ergonomic}
   size_t MaxHeapSize                              = 4238344192                                {product} {ergonomic}
   size_t MaxNewSize                               = 2541748224                                {product} {ergonomic}
   size_t MinHeapDeltaBytes                        = 2097152                                   {product} {ergonomic}
   size_t MinHeapSize                              = 8388608                                   {product} {ergonomic}
    uintx NonNMethodCodeHeapSize                   = 5832780                                {pd product} {ergonomic}
    uintx NonProfiledCodeHeapSize                  = 122912730                              {pd product} {ergonomic}
    uintx ProfiledCodeHeapSize                     = 122912730                              {pd product} {ergonomic}
    uintx ReservedCodeCacheSize                    = 251658240                              {pd product} {ergonomic}
     bool SegmentedCodeCache                       = true                                      {product} {ergonomic}
   size_t SoftMaxHeapSize                          = 4238344192                             {manageable} {ergonomic}
     bool UseCompressedOops                        = true                           {product lp64_product} {ergonomic}
     bool UseG1GC                                  = true                                      {product} {ergonomic}
     bool UseLargePagesIndividualAllocation        = false                                  {pd product} {ergonomic}

Logging:
Log output configuration:
 #0: stdout all=warning uptime,level,tags foldmultilines=false
 #1: stderr all=off uptime,level,tags foldmultilines=false

Environment Variables:
JAVA_HOME=C:\Users\пися попа\.jdks\ms-21.0.8
PATH=C:\Program Files\Seelen\Seelen UI;C:\Program Files\Common Files\Oracle\Java\javapath;C:\Windows\system32;C:\Windows;C:\Windows\System32\Wbem;C:\Windows\System32\WindowsPowerShell\v1.0\;C:\Windows\System32\OpenSSH\;C:\Program Files\dotnet\;C:\Program Files\Git\cmd;C:\Users\пися попа\AppData\Local\Microsoft\WindowsApps
USERNAME=пися попа
OS=Windows_NT
PROCESSOR_IDENTIFIER=Intel64 Family 6 Model 156 Stepping 0, GenuineIntel
TMP=C:\Users\DECF~1\AppData\Local\Temp
TEMP=C:\Users\DECF~1\AppData\Local\Temp




Periodic native trim disabled

---------------  S Y S T E M  ---------------

OS:
 Windows 11 , 64 bit Build 26100 (10.0.26100.5670)
OS uptime: 0 days 1:15 hours

CPU: total 4 (initial active 4) (4 cores per cpu, 1 threads per core) family 6 model 156 stepping 0 microcode 0x2400001e, cx8, cmov, fxsr, mmx, 3dnowpref, sse, sse2, sse3, ssse3, sse4.1, sse4.2, popcnt, tsc, tscinvbit, aes, erms, clmul, sha, clflush, clflushopt, clwb, rdtscp, rdpid
Processor Information for the first 4 processors :
  Max Mhz: 2001, Current Mhz: 2001, Mhz Limit: 2001

Memory: 4k page, system-wide physical 16163M (500M free)
TotalPageFile size 18211M (AvailPageFile size 5M)
current process WorkingSet (physical memory assigned to process): 230M, peak: 230M
current process commit charge ("private bytes"): 377M, peak: 378M

vm_info: OpenJDK 64-Bit Server VM (21.0.8+9-LTS) for windows-amd64 JRE (21.0.8+9-LTS), built on 2025-07-10T20:22:44Z by "MicrosoftCorporation" with unknown MS VC++:1944

END.
