#
# There is insufficient memory for the Java Runtime Environment to continue.
# Native memory allocation (mmap) failed to map 266338304 bytes. Error detail: G1 virtual space
# Possible reasons:
#   The system is out of physical RAM or swap space
#   This process is running with CompressedOops enabled, and the Java Heap may be blocking the growth of the native heap
# Possible solutions:
#   Reduce memory load on the system
#   Increase physical memory or swap space
#   Check if swap backing store is full
#   Decrease Java heap size (-Xmx/-Xms)
#   Decrease number of Java threads
#   Decrease Java thread stack sizes (-Xss)
#   Set larger code cache with -XX:ReservedCodeCacheSize=
#   JVM is running with Zero Based Compressed Oops mode in which the Java heap is
#     placed in the first 32GB address space. The Java Heap base address is the
#     maximum limit for the native heap growth. Please use -XX:HeapBaseMinAddress
#     to set the Java Heap base and to place the Java Heap above 32GB virtual address.
# This output file may be truncated or incomplete.
#
#  Out of Memory Error (os_windows.cpp:3736), pid=11680, tid=10796
#
# JRE version:  (21.0.8+9) (build )
# Java VM: OpenJDK 64-Bit Server VM (21.0.8+9-LTS, mixed mode, sharing, tiered, compressed oops, compressed class ptrs, g1 gc, windows-amd64)
# No core dump will be written. Minidumps are not enabled by default on client versions of Windows
#

---------------  S U M M A R Y ------------

Command Line: -Dclassworlds.conf=C:\Program Files\JetBrains\IntelliJ IDEA Community Edition 2025.2\plugins\maven\lib\maven3\bin\m2.conf -Dmaven.home=C:\Program Files\JetBrains\IntelliJ IDEA Community Edition 2025.2\plugins\maven\lib\maven3 -Dlibrary.jansi.path=C:\Program Files\JetBrains\IntelliJ IDEA Community Edition 2025.2\plugins\maven\lib\maven3\lib\jansi-native -Dmaven.multiModuleProjectDirectory=C:\Users\пися попа\IdeaProjects\untitled5 org.codehaus.plexus.classworlds.launcher.Launcher -Didea.version=2025.2 -Dmaven.ext.class.path=C:\Program Files\JetBrains\IntelliJ IDEA Community Edition 2025.2\plugins\maven\lib\maven-event-listener.jar -Djansi.passthrough=true -Dstyle.color=always package

Host: Intel(R) Celeron(R) N5095 @ 2.00GHz, 4 cores, 15G,  Windows 11 , 64 bit Build 26100 (10.0.26100.5670)
Time: Sun Aug 24 21:29:21 2025 elapsed time: 0.114456 seconds (0d 0h 0m 0s)

---------------  T H R E A D  ---------------

Current thread (0x0000016e17b00d40):  JavaThread "Unknown thread" [_thread_in_vm, id=10796, stack(0x0000001508c00000,0x0000001508d00000) (1024K)]

Stack: [0x0000001508c00000,0x0000001508d00000]
Native frames: (J=compiled Java code, j=interpreted, Vv=VM code, C=native code)
V  [jvm.dll+0x6e1729]
V  [jvm.dll+0x8bf47b]
V  [jvm.dll+0x8c19aa]
V  [jvm.dll+0x8c2083]
V  [jvm.dll+0x289fd6]
V  [jvm.dll+0x6de085]
V  [jvm.dll+0x6d218a]
V  [jvm.dll+0x366f6e]
V  [jvm.dll+0x36ee1b]
V  [jvm.dll+0x3c06b9]
V  [jvm.dll+0x3c095b]
V  [jvm.dll+0x33a8b7]
V  [jvm.dll+0x33b3fb]
V  [jvm.dll+0x888e5e]
V  [jvm.dll+0x3cd611]
V  [jvm.dll+0x871e5c]
V  [jvm.dll+0x461261]
V  [jvm.dll+0x462ea1]
C  [jli.dll+0x52f0]
C  [ucrtbase.dll+0x37b0]
C  [KERNEL32.DLL+0x2e8d7]
C  [ntdll.dll+0x128dc]


---------------  P R O C E S S  ---------------

Threads class SMR info:
_java_thread_list=0x00007ffb2b636288, length=0, elements={
}

Java Threads: ( => current thread )
Total: 0

Other Threads:
  0x0000016e19eaf2f0 WorkerThread "GC Thread#0"                     [id=7136, stack(0x0000001508d00000,0x0000001508e00000) (1024K)]
  0x0000016e19ec15f0 ConcurrentGCThread "G1 Main Marker"            [id=888, stack(0x0000001508e00000,0x0000001508f00000) (1024K)]
  0x0000016e19ec2890 WorkerThread "G1 Conc#0"                       [id=6164, stack(0x0000001508f00000,0x0000001509000000) (1024K)]

[error occurred during error reporting (printing all threads), id 0xc0000005, EXCEPTION_ACCESS_VIOLATION (0xc0000005) at pc=0x00007ffb2ad2d307]
VM state: not at safepoint (not fully initialized)

VM Mutex/Monitor currently owned by a thread:  ([mutex/lock_event])
[0x00007ffb2b6aa8c8] Heap_lock - owner thread: 0x0000016e17b00d40

Heap address: 0x0000000703600000, size: 4042 MB, Compressed Oops mode: Zero based, Oop shift amount: 3

CDS archive(s) mapped at: [0x0000000000000000-0x0000000000000000-0x0000000000000000), size 0, SharedBaseAddress: 0x0000000800000000, ArchiveRelocationMode: 1.
Narrow klass base: 0x0000000000000000, Narrow klass shift: 0, Narrow klass range: 0x0

GC Precious Log:
 CardTable entry size: 512
 Card Set container configuration: InlinePtr #cards 4 size 8 Array Of Cards #cards 16 size 48 Howl #buckets 8 coarsen threshold 3686 Howl Bitmap #cards 512 size 80 coarsen threshold 460 Card regions per heap region 1 cards per card region 4096

Heap:
 garbage-first heap   total 0K, used 0K [0x0000000703600000, 0x0000000800000000)
  region size 2048K, 0 young (0K), 0 survivors (0K)

[error occurred during error reporting (printing heap information), id 0xc0000005, EXCEPTION_ACCESS_VIOLATION (0xc0000005) at pc=0x00007ffb2b11ba99]
GC Heap History (0 events):
No events

Dll operation events (1 events):
Event: 0.020 Loaded shared library C:\Users\пися попа\.jdks\ms-21.0.8\bin\java.dll

Deoptimization events (0 events):
No events

Classes loaded (0 events):
No events

Classes unloaded (0 events):
No events

Classes redefined (0 events):
No events

Internal exceptions (0 events):
No events

ZGC Phase Switch (0 events):
No events

VM Operations (0 events):
No events

Memory protections (0 events):
No events

Nmethod flushes (0 events):
No events

Events (0 events):
No events


Dynamic libraries:
0x00007ff6d2bd0000 - 0x00007ff6d2bde000 	C:\Users\пися попа\.jdks\ms-21.0.8\bin\java.exe
0x00007ffbbb0c0000 - 0x00007ffbbb329000 	C:\Windows\SYSTEM32\ntdll.dll
0x00007ffbba7b0000 - 0x00007ffbba879000 	C:\Windows\System32\KERNEL32.DLL
0x00007ffbb8690000 - 0x00007ffbb8a7f000 	C:\Windows\System32\KERNELBASE.dll
0x00007ffbb8c70000 - 0x00007ffbb8dbb000 	C:\Windows\System32\ucrtbase.dll
0x00007ffba8ad0000 - 0x00007ffba8ae8000 	C:\Users\пися попа\.jdks\ms-21.0.8\bin\jli.dll
0x00007ffbb8e80000 - 0x00007ffbb904c000 	C:\Windows\System32\USER32.dll
0x00007ffbb8660000 - 0x00007ffbb8687000 	C:\Windows\System32\win32u.dll
0x00007ffbb9760000 - 0x00007ffbb978b000 	C:\Windows\System32\GDI32.dll
0x00007ffbb8b30000 - 0x00007ffbb8c68000 	C:\Windows\System32\gdi32full.dll
0x00007ffbb85b0000 - 0x00007ffbb8653000 	C:\Windows\System32\msvcp_win.dll
0x00007ffba8ab0000 - 0x00007ffba8ace000 	C:\Users\пися попа\.jdks\ms-21.0.8\bin\VCRUNTIME140.dll
0x00007ffb987a0000 - 0x00007ffb98a3a000 	C:\Windows\WinSxS\amd64_microsoft.windows.common-controls_6595b64144ccf1df_6.0.26100.5651_none_3e0bb264e3315894\COMCTL32.dll
0x00007ffbb9460000 - 0x00007ffbb9509000 	C:\Windows\System32\msvcrt.dll
0x00007ffbb9a90000 - 0x00007ffbb9abf000 	C:\Windows\System32\IMM32.DLL
0x00007ffba8aa0000 - 0x00007ffba8aac000 	C:\Users\пися попа\.jdks\ms-21.0.8\bin\vcruntime140_1.dll
0x00007ffb69c20000 - 0x00007ffb69ca9000 	C:\Users\пися попа\.jdks\ms-21.0.8\bin\msvcp140.dll
0x00007ffb2a9e0000 - 0x00007ffb2b78c000 	C:\Users\пися попа\.jdks\ms-21.0.8\bin\server\jvm.dll
0x00007ffbb96a0000 - 0x00007ffbb9754000 	C:\Windows\System32\ADVAPI32.dll
0x00007ffbba880000 - 0x00007ffbba926000 	C:\Windows\System32\sechost.dll
0x00007ffbba3a0000 - 0x00007ffbba4b8000 	C:\Windows\System32\RPCRT4.dll
0x00007ffbb9050000 - 0x00007ffbb90c4000 	C:\Windows\System32\WS2_32.dll
0x00007ffbb8070000 - 0x00007ffbb80ce000 	C:\Windows\SYSTEM32\POWRPROF.dll
0x00007ffb71cd0000 - 0x00007ffb71d05000 	C:\Windows\SYSTEM32\WINMM.dll
0x00007ffbb0730000 - 0x00007ffbb073b000 	C:\Windows\SYSTEM32\VERSION.dll
0x00007ffbb8050000 - 0x00007ffbb8064000 	C:\Windows\SYSTEM32\UMPDC.dll
0x00007ffbb6fc0000 - 0x00007ffbb6fdb000 	C:\Windows\SYSTEM32\kernel.appcore.dll
0x00007ffba8a90000 - 0x00007ffba8a9a000 	C:\Users\пися попа\.jdks\ms-21.0.8\bin\jimage.dll
0x00007ffba8c40000 - 0x00007ffba8e82000 	C:\Windows\SYSTEM32\DBGHELP.DLL
0x00007ffbb90d0000 - 0x00007ffbb9459000 	C:\Windows\System32\combase.dll
0x00007ffbb9520000 - 0x00007ffbb9600000 	C:\Windows\System32\OLEAUT32.dll
0x00007ffba8af0000 - 0x00007ffba8b33000 	C:\Windows\SYSTEM32\dbgcore.DLL
0x00007ffbb8a90000 - 0x00007ffbb8b29000 	C:\Windows\System32\bcryptPrimitives.dll
0x00007ffb914f0000 - 0x00007ffb91511000 	C:\Users\пися попа\.jdks\ms-21.0.8\bin\java.dll

JVMTI agents: none

dbghelp: loaded successfully - version: 4.0.5 - missing functions: none
symbol engine: initialized successfully - sym options: 0x614 - pdb path: .;C:\Users\пися попа\.jdks\ms-21.0.8\bin;C:\Windows\SYSTEM32;C:\Windows\WinSxS\amd64_microsoft.windows.common-controls_6595b64144ccf1df_6.0.26100.5651_none_3e0bb264e3315894;C:\Users\пися попа\.jdks\ms-21.0.8\bin\server

VM Arguments:
jvm_args: -Dclassworlds.conf=C:\Program Files\JetBrains\IntelliJ IDEA Community Edition 2025.2\plugins\maven\lib\maven3\bin\m2.conf -Dmaven.home=C:\Program Files\JetBrains\IntelliJ IDEA Community Edition 2025.2\plugins\maven\lib\maven3 -Dlibrary.jansi.path=C:\Program Files\JetBrains\IntelliJ IDEA Community Edition 2025.2\plugins\maven\lib\maven3\lib\jansi-native -Dmaven.multiModuleProjectDirectory=C:\Users\пися попа\IdeaProjects\untitled5 
java_command: org.codehaus.plexus.classworlds.launcher.Launcher -Didea.version=2025.2 -Dmaven.ext.class.path=C:\Program Files\JetBrains\IntelliJ IDEA Community Edition 2025.2\plugins\maven\lib\maven-event-listener.jar -Djansi.passthrough=true -Dstyle.color=always package
java_class_path (initial): C:\Program Files\JetBrains\IntelliJ IDEA Community Edition 2025.2\plugins\maven\lib\maven3\boot\plexus-classworlds-2.8.0.jar
Launcher Type: SUN_STANDARD

[Global flags]
     intx CICompilerCount                          = 3                                         {product} {ergonomic}
     uint ConcGCThreads                            = 1                                         {product} {ergonomic}
     uint G1ConcRefinementThreads                  = 4                                         {product} {ergonomic}
   size_t G1HeapRegionSize                         = 2097152                                   {product} {ergonomic}
    uintx GCDrainStackTargetSize                   = 64                                        {product} {ergonomic}
   size_t InitialHeapSize                          = 266338304                                 {product} {ergonomic}
   size_t MarkStackSize                            = 4194304                                   {product} {ergonomic}
   size_t MaxHeapSize                              = 4238344192                                {product} {ergonomic}
   size_t MinHeapDeltaBytes                        = 2097152                                   {product} {ergonomic}
   size_t MinHeapSize                              = 8388608                                   {product} {ergonomic}
    uintx NonNMethodCodeHeapSize                   = 5832780                                {pd product} {ergonomic}
    uintx NonProfiledCodeHeapSize                  = 122912730                              {pd product} {ergonomic}
    uintx ProfiledCodeHeapSize                     = 122912730                              {pd product} {ergonomic}
    uintx ReservedCodeCacheSize                    = 251658240                              {pd product} {ergonomic}
     bool SegmentedCodeCache                       = true                                      {product} {ergonomic}
   size_t SoftMaxHeapSize                          = 4238344192                             {manageable} {ergonomic}
     bool UseCompressedOops                        = true                           {product lp64_product} {ergonomic}
     bool UseG1GC                                  = true                                      {product} {ergonomic}
     bool UseLargePagesIndividualAllocation        = false                                  {pd product} {ergonomic}

Logging:
Log output configuration:
 #0: stdout all=warning uptime,level,tags foldmultilines=false
 #1: stderr all=off uptime,level,tags foldmultilines=false

Environment Variables:
JAVA_HOME=C:\Users\пися попа\.jdks\ms-21.0.8
PATH=C:\Program Files\Seelen\Seelen UI;C:\Program Files\Common Files\Oracle\Java\javapath;C:\Windows\system32;C:\Windows;C:\Windows\System32\Wbem;C:\Windows\System32\WindowsPowerShell\v1.0\;C:\Windows\System32\OpenSSH\;C:\Program Files\dotnet\;C:\Program Files\Git\cmd;C:\Users\пися попа\AppData\Local\Microsoft\WindowsApps
USERNAME=пися попа
OS=Windows_NT
PROCESSOR_IDENTIFIER=Intel64 Family 6 Model 156 Stepping 0, GenuineIntel
TMP=C:\Users\DECF~1\AppData\Local\Temp
TEMP=C:\Users\DECF~1\AppData\Local\Temp




Periodic native trim disabled

---------------  S Y S T E M  ---------------

OS:
 Windows 11 , 64 bit Build 26100 (10.0.26100.5670)
OS uptime: 0 days 2:20 hours

CPU: total 4 (initial active 4) (4 cores per cpu, 1 threads per core) family 6 model 156 stepping 0 microcode 0x2400001e, cx8, cmov, fxsr, mmx, 3dnowpref, sse, sse2, sse3, ssse3, sse4.1, sse4.2, popcnt, tsc, tscinvbit, aes, erms, clmul, sha, clflush, clflushopt, clwb, rdtscp, rdpid
Processor Information for the first 4 processors :
  Max Mhz: 2001, Current Mhz: 2001, Mhz Limit: 2001

Memory: 4k page, system-wide physical 16163M (1002M free)
TotalPageFile size 18211M (AvailPageFile size 30M)
current process WorkingSet (physical memory assigned to process): 12M, peak: 12M
current process commit charge ("private bytes"): 52M, peak: 306M

vm_info: OpenJDK 64-Bit Server VM (21.0.8+9-LTS) for windows-amd64 JRE (21.0.8+9-LTS), built on 2025-07-10T20:22:44Z by "MicrosoftCorporation" with unknown MS VC++:1944

END.
